  Building Custom Rule C:/Users/Tangi/Documents/Travail/INF/INF473i/Projet/CMakeLists.txt
  CMake does not need to re-run because C:\Users\Tangi\Documents\Travail\INF\INF473i\Projet\build\CMakeFiles\generate.stamp is up-to-date.
  main.cpp
  image.cpp
C:\Users\Tangi\Documents\Travail\INF\INF473i\Projet\image.cpp(26): warning C4244: 'return' : conversion de 'double' en 'float', perte possible de données
  decomposition.cpp
C:\Users\Tangi\Documents\Travail\INF\INF473i\Projet\decomposition.cpp(18): warning C4244: '=' : conversion de 'double' en 'float', perte possible de données
C:\Users\Tangi\Documents\Travail\INF\INF473i\Projet\decomposition.cpp(26): warning C4244: 'return' : conversion de 'double' en 'float', perte possible de données
  initialization.cpp
C:\Users\Tangi\Documents\Travail\INF\INF473i\Projet\initialization.cpp(164): warning C4267: 'initialisation' : conversion de 'size_t' en 'int', perte possible de données
C:\Users\Tangi\Documents\Travail\INF\INF473i\Projet\initialization.cpp(188): warning C4101: 'y' : variable locale non référencée
C:\Users\Tangi\Documents\Travail\INF\INF473i\Projet\initialization.cpp(188): warning C4101: 'x' : variable locale non référencée
C:\Users\Tangi\Documents\Travail\INF\INF473i\Projet\initialization.cpp(237): warning C4267: 'initialisation' : conversion de 'size_t' en 'int', perte possible de données
  motion.cpp
C:\Users\Tangi\Documents\Travail\INF\INF473i\Projet\motion.cpp(10): warning C4244: 'return' : conversion de 'double' en 'float', perte possible de données
C:\Users\Tangi\Documents\Travail\INF\INF473i\Projet\motion.cpp(17): warning C4244: 'return' : conversion de 'double' en 'float', perte possible de données
  interpolation.cpp
C:\Users\Tangi\Documents\Travail\INF\INF473i\Projet\interpolation.cpp(36): warning C4244: '+=' : conversion de 'double' en 'float', perte possible de données
C:\Users\Tangi\Documents\Travail\INF\INF473i\Projet\interpolation.cpp(38): warning C4244: '+=' : conversion de 'double' en 'float', perte possible de données
C:\Users\Tangi\Documents\Travail\INF\INF473i\Projet\interpolation.cpp(61): warning C4244: '=' : conversion de 'double' en 'float', perte possible de données
C:\Users\Tangi\Documents\Travail\INF\INF473i\Projet\interpolation.cpp(63): warning C4244: '=' : conversion de 'double' en 'float', perte possible de données
C:\Users\Tangi\Documents\Travail\INF\INF473i\Projet\interpolation.cpp(78): warning C4267: 'initialisation' : conversion de 'size_t' en 'int', perte possible de données
C:\Users\Tangi\Documents\Travail\INF\INF473i\Projet\interpolation.cpp(162): warning C4267: 'initialisation' : conversion de 'size_t' en 'int', perte possible de données
C:\Users\Tangi\Documents\Travail\INF\INF473i\Projet\interpolation.cpp(173): warning C4244: 'argument' : conversion de 'int' en 'float', perte possible de données
C:\Users\Tangi\Documents\Travail\INF\INF473i\Projet\interpolation.cpp(184): warning C4244: 'return' : conversion de 'double' en 'float', perte possible de données
C:\Users\Tangi\Documents\Travail\INF\INF473i\Projet\interpolation.cpp(250): warning C4244: 'argument' : conversion de 'float' en 'int', perte possible de données
C:\Users\Tangi\Documents\Travail\INF\INF473i\Projet\interpolation.cpp(259): warning C4244: 'argument' : conversion de 'float' en 'int', perte possible de données
C:\Users\Tangi\Documents\Travail\INF\INF473i\Projet\interpolation.cpp(260): warning C4244: 'argument' : conversion de 'float' en 'int', perte possible de données
C:\Users\Tangi\Documents\Travail\INF\INF473i\Projet\interpolation.cpp(261): warning C4244: 'argument' : conversion de 'float' en 'int', perte possible de données
C:\Users\Tangi\Documents\Travail\INF\INF473i\Projet\interpolation.cpp(270): warning C4244: 'argument' : conversion de 'float' en 'int', perte possible de données
C:\Users\Tangi\Documents\Travail\INF\INF473i\Projet\interpolation.cpp(271): warning C4244: 'argument' : conversion de 'float' en 'int', perte possible de données
C:\Users\Tangi\Documents\Travail\INF\INF473i\Projet\interpolation.cpp(283): warning C4244: 'argument' : conversion de 'float' en 'int', perte possible de données
C:\Users\Tangi\Documents\Travail\INF\INF473i\Projet\interpolation.cpp(303): warning C4267: 'initialisation' : conversion de 'size_t' en 'int', perte possible de données
C:\Users\Tangi\Documents\Travail\INF\INF473i\Projet\interpolation.cpp(318): warning C4244: 'argument' : conversion de 'int' en 'float', perte possible de données
C:\Users\Tangi\Documents\Travail\INF\INF473i\Projet\interpolation.cpp(319): warning C4244: 'argument' : conversion de 'int' en 'float', perte possible de données
  Génération de code en cours...
c:\users\tangi\documents\travail\inf\inf473i\projet\motion.cpp(8): warning C4700: variable locale 'pB' non initialisée utilisée
c:\users\tangi\documents\travail\inf\inf473i\projet\image.cpp(56): warning C4172: retourne l'adresse d'une variable locale ou : deriv temporaire
c:\users\tangi\documents\travail\inf\inf473i\projet\image.cpp(74): warning C4172: retourne l'adresse d'une variable locale ou : grad temporaire
c:\users\tangi\documents\travail\inf\inf473i\projet\image.cpp(41): warning C4172: retourne l'adresse d'une variable locale ou : deriv temporaire
c:\users\tangi\documents\travail\inf\inf473i\projet\image.cpp(93): warning C4172: retourne l'adresse d'une variable locale ou : res temporaire
  correcter.vcxproj -> C:\Users\Tangi\Documents\Travail\INF\INF473i\Projet\build\Release\correcter.exe
