  decomposition.cpp
C:\Users\Tangi\Documents\Travail\INF\INF473i\Projet\decomposition.cpp(17): warning C4244: '=' : conversion de 'double' en 'float', perte possible de données
C:\Users\Tangi\Documents\Travail\INF\INF473i\Projet\decomposition.cpp(25): warning C4244: 'return' : conversion de 'double' en 'float', perte possible de données
C:\Users\Tangi\Documents\Travail\INF\INF473i\Projet\decomposition.cpp(73): warning C4305: '*=' : troncation de 'double' à 'float'
C:\Users\Tangi\Documents\Travail\INF\INF473i\Projet\decomposition.cpp(82): warning C4244: 'initialisation' : conversion de 'double' en 'float', perte possible de données
C:\Users\Tangi\Documents\Travail\INF\INF473i\Projet\decomposition.cpp(83): warning C4244: '+=' : conversion de 'double' en 'float', perte possible de données
C:\Users\Tangi\Documents\Travail\INF\INF473i\Projet\decomposition.cpp(84): warning C4244: '+=' : conversion de 'double' en 'float', perte possible de données
C:\Users\Tangi\Documents\Travail\INF\INF473i\Projet\decomposition.cpp(85): warning C4244: '+=' : conversion de 'double' en 'float', perte possible de données
C:\Users\Tangi\Documents\Travail\INF\INF473i\Projet\decomposition.cpp(237): warning C4244: '=' : conversion de 'double' en 'float', perte possible de données
C:\Users\Tangi\Documents\Travail\INF\INF473i\Projet\decomposition.cpp(238): warning C4244: '=' : conversion de 'double' en 'float', perte possible de données
C:\Users\Tangi\Documents\Travail\INF\INF473i\Projet\decomposition.cpp(239): warning C4244: '=' : conversion de 'double' en 'float', perte possible de données
C:\Users\Tangi\Documents\Travail\INF\INF473i\Projet\decomposition.cpp(241): warning C4244: '=' : conversion de 'double' en 'float', perte possible de données
  motion.cpp
C:\Users\Tangi\Documents\Travail\INF\INF473i\Projet\motion.cpp(12): warning C4244: 'return' : conversion de 'double' en 'float', perte possible de données
C:\Users\Tangi\Documents\Travail\INF\INF473i\Projet\motion.cpp(19): warning C4244: 'return' : conversion de 'double' en 'float', perte possible de données
C:\Users\Tangi\Documents\Travail\INF\INF473i\Projet\motion.cpp(31): warning C4267: 'initialisation' : conversion de 'size_t' en 'int', perte possible de données
  Génération de code en cours...
c:\users\tangi\documents\travail\inf\inf473i\projet\motion.cpp(42): warning C4172: retourne l'adresse d'une variable locale ou : res temporaire
c:\users\tangi\documents\travail\inf\inf473i\projet\motion.cpp(138): warning C4172: retourne l'adresse d'une variable locale ou : new_V_O temporaire
c:\users\tangi\documents\travail\inf\inf473i\projet\motion.cpp(177): warning C4172: retourne l'adresse d'une variable locale ou : new_V_B temporaire
c:\users\tangi\documents\travail\inf\inf473i\projet\motion.cpp(61): warning C4172: retourne l'adresse d'une variable locale ou : res temporaire
c:\users\tangi\documents\travail\inf\inf473i\projet\decomposition.cpp(114): warning C4172: retourne l'adresse d'une variable locale ou : res temporaire
c:\users\tangi\documents\travail\inf\inf473i\projet\decomposition.cpp(128): warning C4172: retourne l'adresse d'une variable locale ou : img temporaire
c:\users\tangi\documents\travail\inf\inf473i\projet\decomposition.cpp(141): warning C4172: retourne l'adresse d'une variable locale ou : img temporaire
c:\users\tangi\documents\travail\inf\inf473i\projet\decomposition.cpp(178): warning C4172: retourne l'adresse d'une variable locale ou : new_I_O temporaire
c:\users\tangi\documents\travail\inf\inf473i\projet\decomposition.cpp(216): warning C4172: retourne l'adresse d'une variable locale ou : new_I_B temporaire
  correcter.vcxproj -> C:\Users\Tangi\Documents\Travail\INF\INF473i\Projet\build\Debug\correcter.exe
